<?xml version="1.0" encoding="UTF-8"?>
<testsuite xmlns:xsi="http://www.w3.org/2001/XMLSchema-instance" xsi:noNamespaceSchemaLocation="https://maven.apache.org/surefire/maven-surefire-plugin/xsd/surefire-test-report-3.0.xsd" version="3.0" name="Upper.integration.TanINTest" time="0.013" tests="21" errors="0" skipped="0" failures="0">
  <properties>
[...]
</properties>
  <testcase name="shouldCallSinAndCosDependencies" classname="Upper.integration.TanINTest" time="0.0"/>
  <testcase name="shouldComputeUsingSinAndCosDependencies(String, String)[1]" classname="Upper.integration.TanINTest" time="0.001"/>
  <testcase name="shouldComputeUsingSinAndCosDependencies(String, String)[2]" classname="Upper.integration.TanINTest" time="0.0"/>
  <testcase name="shouldComputeUsingSinAndCosDependencies(String, String)[3]" classname="Upper.integration.TanINTest" time="0.0"/>
  <testcase name="shouldComputeUsingSinAndCosDependencies(String, String)[4]" classname="Upper.integration.TanINTest" time="0.001"/>
  <testcase name="shouldComputeUsingSinAndCosDependencies(String, String)[5]" classname="Upper.integration.TanINTest" time="0.0"/>
  <testcase name="shouldComputeUsingSinAndCosDependencies(String, String)[6]" classname="Upper.integration.TanINTest" time="0.001"/>
  <testcase name="shouldComputeUsingSinAndCosDependencies(String, String)[7]" classname="Upper.integration.TanINTest" time="0.0"/>
  <testcase name="shouldComputeUsingSinAndCosDependencies(String, String)[8]" classname="Upper.integration.TanINTest" time="0.001"/>
  <testcase name="shouldComputeUsingSinAndCosDependencies(String, String)[9]" classname="Upper.integration.TanINTest" time="0.0"/>
  <testcase name="shouldComputeUsingSinAndCosDependencies(String, String)[10]" classname="Upper.integration.TanINTest" time="0.001"/>
  <testcase name="shouldComputeUsingSinAndCosDependencies(String, String)[11]" classname="Upper.integration.TanINTest" time="0.0"/>
  <testcase name="shouldComputeUsingSinAndCosDependencies(String, String)[12]" classname="Upper.integration.TanINTest" time="0.0"/>
  <testcase name="shouldComputeUsingSinAndCosDependencies(String, String)[13]" classname="Upper.integration.TanINTest" time="0.001"/>
  <testcase name="shouldComputeUsingSinAndCosDependencies(String, String)[14]" classname="Upper.integration.TanINTest" time="0.0"/>
  <testcase name="shouldComputeUsingSinAndCosDependencies(String, String)[15]" classname="Upper.integration.TanINTest" time="0.001"/>
  <testcase name="shouldComputeUsingSinAndCosDependencies(String, String)[16]" classname="Upper.integration.TanINTest" time="0.0"/>
  <testcase name="shouldComputeUsingSinAndCosDependencies(String, String)[17]" classname="Upper.integration.TanINTest" time="0.0"/>
  <testcase name="shouldComputeUsingSinAndCosDependencies(String, String)[18]" classname="Upper.integration.TanINTest" time="0.0"/>
  <testcase name="shouldComputeUsingSinAndCosDependencies(String, String)[19]" classname="Upper.integration.TanINTest" time="0.0"/>
  <testcase name="shouldComputeUsingSinAndCosDependencies(String, String)[20]" classname="Upper.integration.TanINTest" time="0.0"/>
</testsuite>